<?xml version="1.0" encoding="UTF-8"?>
<testsuite xmlns:xsi="http://www.w3.org/2001/XMLSchema-instance" xsi:noNamespaceSchemaLocation="https://maven.apache.org/surefire/maven-surefire-plugin/xsd/surefire-test-report-3.0.xsd" version="3.0" name="ex2.FractionTest" time="0.074" tests="6" errors="0" skipped="0" failures="0">
  <properties>
[...]
</properties>
  <testcase name="noZeroAllowed" classname="ex2.FractionTest" time="0.033"/>
  <testcase name="testKuerzen" classname="ex2.FractionTest" time="0.009"/>
  <testcase name="testMultiplikation" classname="ex2.FractionTest" time="0.001"/>
  <testcase name="testAdditionVerschiedenerNenner" classname="ex2.FractionTest" time="0.001"/>
  <testcase name="testKehrwert" classname="ex2.FractionTest" time="0.001"/>
  <testcase name="testAdditionGleicherNenner" classname="ex2.FractionTest" time="0.001"/>
</testsuite>